<?xml version="1.0" encoding="UTF-8"?>
<!-- Generated by org.testng.reporters.JUnitReportReporter -->
<testsuite hostname="AmitKumar" name="testng.parameter.ParameterizeTest" tests="4" failures="0" timestamp="24 Apr 2015 09:01:01 GMT" time="0.012" errors="0">
  <testcase name="parameterIntTest" time="0.001" classname="testng.parameter.ParameterizeTest"/>
  <testcase name="parameterIntTest" time="0.001" classname="testng.parameter.ParameterizeTest"/>
  <testcase name="calculateSum" time="0.009" classname="testng.parameter.ParameterizeTest"/>
  <testcase name="parameterIntTest" time="0.001" classname="testng.parameter.ParameterizeTest"/>
</testsuite> <!-- testng.parameter.ParameterizeTest -->
