<?xml version="1.0" encoding="UTF-8"?>
<!-- Generated by org.testng.reporters.JUnitReportReporter -->
<testsuite hostname="AmitKumar" name="testng.dependency.DependencyTestUsingAnnotation" tests="3" failures="0" timestamp="24 Apr 2015 09:01:11 GMT" time="0.011" errors="0">
  <testcase name="testPrintMessage" time="0.009" classname="testng.dependency.DependencyTestUsingAnnotation"/>
  <testcase name="testSalutationMessage" time="0.001" classname="testng.dependency.DependencyTestUsingAnnotation"/>
  <testcase name="initEnvironmentTest" time="0.001" classname="testng.dependency.DependencyTestUsingAnnotation"/>
</testsuite> <!-- testng.dependency.DependencyTestUsingAnnotation -->
