<?xml version="1.0" encoding="UTF-8"?>
<!-- Generated by org.testng.reporters.JUnitReportReporter -->
<testsuite hostname="AmitKumar" name="testng.suit.Test2" tests="1" failures="0" timestamp="24 Apr 2015 09:01:38 GMT" time="0.009" errors="0">
  <testcase name="testSalutationMessage" time="0.009" classname="testng.suit.Test2"/>
</testsuite> <!-- testng.suit.Test2 -->
