<?xml version="1.0" encoding="UTF-8"?>
<!-- Generated by org.testng.reporters.JUnitReportReporter -->
<testsuite hostname="AmitKumar" name="testng.suit.Test1" tests="1" failures="0" timestamp="24 Apr 2015 09:01:24 GMT" time="0.010" errors="0">
  <testcase name="testPrintMessage" time="0.010" classname="testng.suit.Test1"/>
</testsuite> <!-- testng.suit.Test1 -->
